<<<<<<< HEAD
DEBUG:root:This message should go to the log file
INFO:root:So should this
WARNING:root:And this, too
DEBUG:root:This message should go to the log file
INFO:root:So should this
WARNING:root:And this, too
DEBUG:root:This message should go to the log file
INFO:root:So should this
WARNING:root:And this, too
DEBUG:root:This message should go to the log file
INFO:root:So should this
WARNING:root:And this, too
DEBUG:root:This message should go to the log file
INFO:root:So should this
WARNING:root:And this, too
DEBUG:root:This message should go to the log file
INFO:root:So should this
WARNING:root:And this, too
DEBUG:root:This message should go to the log file
INFO:root:So should this
WARNING:root:And this, too
DEBUG:root:This message should go to the log file
INFO:root:So should this
WARNING:root:And this, too
=======
2019-09-05 08:41:00 - simpleExample - DEBUG - debug message
2019-09-05 08:41:00 - simpleExample - INFO - info message
2019-09-05 08:41:00 - simpleExample - WARNING - warn message
2019-09-05 08:41:00 - simpleExample - ERROR - error message
2019-09-05 08:41:00 - simpleExample - CRITICAL - critical message
>>>>>>> 4b9a99572cff9fbdb58332c702210ae1c3339162
